<?xml version="1.0" encoding="UTF-8"?>
<!-- Generated by org.testng.reporters.JUnitReportReporter -->
<testsuite hostname="LAPTOP-03NGPKIU" failures="0" tests="3" name="runner.TestRunner" time="0.124" errors="0" timestamp="2022-05-26T17:18:30 EDT" skipped="0">
  <testcase classname="runner.TestRunner" name="runScenario" time="0.016"/>
  <system-out/>
  <testcase classname="runner.TestRunner" name="runScenario" time="0.010"/>
  <system-out/>
  <testcase classname="runner.TestRunner" name="runScenario" time="0.098"/>
  <system-out/>
</testsuite> <!-- runner.TestRunner -->
